[Mon Feb 17 16:37:55.915277 2020] [ssl:warn] [pid 9420:tid 616] AH01909: www.example.com:443:0 server certificate does NOT include an ID which matches the server name
[Mon Feb 17 16:37:56.007278 2020] [ssl:warn] [pid 9420:tid 616] AH01909: www.example.com:443:0 server certificate does NOT include an ID which matches the server name
[Mon Feb 17 16:37:56.243277 2020] [mpm_winnt:notice] [pid 9420:tid 616] AH00455: Apache/2.4.41 (Win64) OpenSSL/1.1.1c PHP/7.4.2 configured -- resuming normal operations
[Mon Feb 17 16:37:56.243277 2020] [mpm_winnt:notice] [pid 9420:tid 616] AH00456: Apache Lounge VC15 Server built: Aug 11 2019 12:20:04
[Mon Feb 17 16:37:56.243277 2020] [core:notice] [pid 9420:tid 616] AH00094: Command line: 'E:\\xampp\\apache\\bin\\httpd.exe -d E:/xampp/apache'
[Mon Feb 17 16:37:56.249277 2020] [mpm_winnt:notice] [pid 9420:tid 616] AH00418: Parent: Created child process 2352
[Mon Feb 17 16:37:57.332277 2020] [ssl:warn] [pid 2352:tid 620] AH01909: www.example.com:443:0 server certificate does NOT include an ID which matches the server name
[Mon Feb 17 16:37:57.400338 2020] [ssl:warn] [pid 2352:tid 620] AH01909: www.example.com:443:0 server certificate does NOT include an ID which matches the server name
[Mon Feb 17 16:37:57.439278 2020] [mpm_winnt:notice] [pid 2352:tid 620] AH00354: Child: Starting 150 worker threads.
[Mon Feb 17 17:18:43.550374 2020] [ssl:warn] [pid 8092:tid 600] AH01909: www.example.com:443:0 server certificate does NOT include an ID which matches the server name
[Mon Feb 17 17:18:43.632374 2020] [ssl:warn] [pid 8092:tid 600] AH01909: www.example.com:443:0 server certificate does NOT include an ID which matches the server name
[Mon Feb 17 17:18:43.671374 2020] [mpm_winnt:notice] [pid 8092:tid 600] AH00455: Apache/2.4.41 (Win64) OpenSSL/1.1.1c PHP/7.4.2 configured -- resuming normal operations
[Mon Feb 17 17:18:43.671374 2020] [mpm_winnt:notice] [pid 8092:tid 600] AH00456: Apache Lounge VC15 Server built: Aug 11 2019 12:20:04
[Mon Feb 17 17:18:43.671374 2020] [core:notice] [pid 8092:tid 600] AH00094: Command line: 'apache\\bin\\httpd.exe -d E:/xampp/apache -f conf\\httpd.conf'
[Mon Feb 17 17:18:43.678375 2020] [mpm_winnt:notice] [pid 8092:tid 600] AH00418: Parent: Created child process 7480
Apache server shutdown initiated...
sl:warn] [pid 7480:tid 608] AH01909: www.example.com:443:0 server certificate does NOT include an ID which matches the server name
[Mon Feb 17 17:18:44.579374 2020] [ssl:warn] [pid 7480:tid 608] AH01909: www.example.com:443:0 server certificate does NOT include an ID which matches the server name
[Mon Feb 17 17:18:44.616374 2020] [mpm_winnt:notice] [pid 7480:tid 608] AH00354: Child: Starting 150 worker threads.
[Mon Feb 17 17:18:51.153248 2020] [mpm_winnt:notice] [pid 8092:tid 600] AH00422: Parent: Received shutdown signal -- Shutting down the server.
[Mon Feb 17 17:18:53.155595 2020] [mpm_winnt:notice] [pid 7480:tid 608] AH00364: Child: All worker threads have exited.
[Mon Feb 17 17:18:53.179594 2020] [mpm_winnt:notice] [pid 8092:tid 600] AH00430: Parent: Child process 7480 exited successfully.
[Mon Feb 17 17:20:08.986096 2020] [ssl:warn] [pid 1240:tid 600] AH01909: www.example.com:443:0 server certificate does NOT include an ID which matches the server name
[Mon Feb 17 17:20:09.074088 2020] [ssl:warn] [pid 1240:tid 600] AH01909: www.example.com:443:0 server certificate does NOT include an ID which matches the server name
[Mon Feb 17 17:20:09.108047 2020] [mpm_winnt:notice] [pid 1240:tid 600] AH00455: Apache/2.4.41 (Win64) OpenSSL/1.1.1c PHP/7.4.2 configured -- resuming normal operations
[Mon Feb 17 17:20:09.108047 2020] [mpm_winnt:notice] [pid 1240:tid 600] AH00456: Apache Lounge VC15 Server built: Aug 11 2019 12:20:04
[Mon Feb 17 17:20:09.108047 2020] [core:notice] [pid 1240:tid 600] AH00094: Command line: 'e:\\xampp\\apache\\bin\\httpd.exe -d E:/xampp/apache'
[Mon Feb 17 17:20:09.115039 2020] [mpm_winnt:notice] [pid 1240:tid 600] AH00418: Parent: Created child process 6244
[Mon Feb 17 17:20:09.882038 2020] [ssl:warn] [pid 6244:tid 608] AH01909: www.example.com:443:0 server certificate does NOT include an ID which matches the server name
[Mon Feb 17 17:20:09.955089 2020] [ssl:warn] [pid 6244:tid 608] AH01909: www.example.com:443:0 server certificate does NOT include an ID which matches the server name
[Mon Feb 17 17:20:09.992098 2020] [mpm_winnt:notice] [pid 6244:tid 608] AH00354: Child: Starting 150 worker threads.
[Mon Feb 17 18:32:27.470664 2020] [php7:notice] [pid 6244:tid 1840] [client ::1:2809] 2020-02-17T12:32:27+01:00 [critical] Uncaught Exception: Expected to find class "App\\Controller\\MainController" in file "E:\\xampp\\htdocs\\SymfonyApp\\src/Controller\\MainController.php" while importing services from resource "../src/*", but it was not found! Check the namespace prefix used with the resource in E:\\xampp\\htdocs\\SymfonyApp\\config/services.yaml (which is loaded in resource "E:\\xampp\\htdocs\\SymfonyApp\\config/services.yaml")., referer: http://localhost/main
[Mon Feb 17 18:35:25.905158 2020] [php7:notice] [pid 6244:tid 1840] [client ::1:2837] 2020-02-17T12:35:25+01:00 [critical] Uncaught Exception: Expected to find class "App\\Controller\\MainController" in file "E:\\xampp\\htdocs\\SymfonyApp\\src/Controller\\MainController.php" while importing services from resource "../src/*", but it was not found! Check the namespace prefix used with the resource in E:\\xampp\\htdocs\\SymfonyApp\\config/services.yaml (which is loaded in resource "E:\\xampp\\htdocs\\SymfonyApp\\config/services.yaml").
[Mon Feb 17 18:44:55.787603 2020] [php7:notice] [pid 6244:tid 1840] [client ::1:2976] 2020-02-17T12:44:55+01:00 [critical] Uncaught Exception: Expected to find class "App\\Controller\\MainController" in file "E:\\xampp\\htdocs\\SymfonyApp\\src/Controller\\MainController.php" while importing services from resource "../src/*", but it was not found! Check the namespace prefix used with the resource in E:\\xampp\\htdocs\\SymfonyApp\\config/services.yaml (which is loaded in resource "E:\\xampp\\htdocs\\SymfonyApp\\config/services.yaml").
[Mon Feb 17 20:49:18.950513 2020] [php7:notice] [pid 6244:tid 1840] [client ::1:10063] 2020-02-17T14:49:18+01:00 [critical] Uncaught Exception: Expected to find class "App\\Controller\\MainController" in file "E:\\xampp\\htdocs\\SymfonyApp\\src/Controller\\MainController.php" while importing services from resource "../src/*", but it was not found! Check the namespace prefix used with the resource in E:\\xampp\\htdocs\\SymfonyApp\\config/services.yaml (which is loaded in resource "E:\\xampp\\htdocs\\SymfonyApp\\config/services.yaml").
[Sun Feb 23 18:48:48.219386 2020] [ssl:warn] [pid 540:tid 572] AH01909: www.example.com:443:0 server certificate does NOT include an ID which matches the server name
[Sun Feb 23 18:48:48.314386 2020] [core:warn] [pid 540:tid 572] AH00098: pid file E:/xampp/apache/logs/httpd.pid overwritten -- Unclean shutdown of previous Apache run?
[Sun Feb 23 18:48:48.316412 2020] [ssl:warn] [pid 540:tid 572] AH01909: www.example.com:443:0 server certificate does NOT include an ID which matches the server name
[Sun Feb 23 18:48:48.949489 2020] [mpm_winnt:notice] [pid 540:tid 572] AH00455: Apache/2.4.41 (Win64) OpenSSL/1.1.1c PHP/7.4.2 configured -- resuming normal operations
[Sun Feb 23 18:48:48.949489 2020] [mpm_winnt:notice] [pid 540:tid 572] AH00456: Apache Lounge VC15 Server built: Aug 11 2019 12:20:04
[Sun Feb 23 18:48:48.949489 2020] [core:notice] [pid 540:tid 572] AH00094: Command line: 'e:\\xampp\\apache\\bin\\httpd.exe -d E:/xampp/apache'
[Sun Feb 23 18:48:48.956490 2020] [mpm_winnt:notice] [pid 540:tid 572] AH00418: Parent: Created child process 1804
[Sun Feb 23 18:48:49.806169 2020] [ssl:warn] [pid 1804:tid 608] AH01909: www.example.com:443:0 server certificate does NOT include an ID which matches the server name
[Sun Feb 23 18:48:49.888169 2020] [ssl:warn] [pid 1804:tid 608] AH01909: www.example.com:443:0 server certificate does NOT include an ID which matches the server name
[Sun Feb 23 18:48:49.928168 2020] [mpm_winnt:notice] [pid 1804:tid 608] AH00354: Child: Starting 150 worker threads.
[Sun Feb 23 18:49:05.376848 2020] [php7:notice] [pid 1804:tid 1880] [client ::1:49478] 2020-02-23T12:49:05+01:00 [critical] Uncaught Exception: Expected to find class "App\\Controller\\MainController" in file "E:\\xampp\\htdocs\\SymfonyApp\\src/Controller\\MainController.php" while importing services from resource "../src/*", but it was not found! Check the namespace prefix used with the resource in E:\\xampp\\htdocs\\SymfonyApp\\config/services.yaml (which is loaded in resource "E:\\xampp\\htdocs\\SymfonyApp\\config/services.yaml").
[Thu Feb 27 17:52:58.951893 2020] [ssl:warn] [pid 11384:tid 544] AH01909: www.example.com:443:0 server certificate does NOT include an ID which matches the server name
[Thu Feb 27 17:52:59.163894 2020] [core:warn] [pid 11384:tid 544] AH00098: pid file E:/xampp/apache/logs/httpd.pid overwritten -- Unclean shutdown of previous Apache run?
[Thu Feb 27 17:52:59.167894 2020] [ssl:warn] [pid 11384:tid 544] AH01909: www.example.com:443:0 server certificate does NOT include an ID which matches the server name
[Thu Feb 27 17:52:59.738895 2020] [mpm_winnt:notice] [pid 11384:tid 544] AH00455: Apache/2.4.41 (Win64) OpenSSL/1.1.1c PHP/7.4.2 configured -- resuming normal operations
[Thu Feb 27 17:52:59.739893 2020] [mpm_winnt:notice] [pid 11384:tid 544] AH00456: Apache Lounge VC15 Server built: Aug 11 2019 12:20:04
[Thu Feb 27 17:52:59.739893 2020] [core:notice] [pid 11384:tid 544] AH00094: Command line: 'e:\\xampp\\apache\\bin\\httpd.exe -d E:/xampp/apache'
[Thu Feb 27 17:52:59.748895 2020] [mpm_winnt:notice] [pid 11384:tid 544] AH00418: Parent: Created child process 3520
[Thu Feb 27 17:53:00.671945 2020] [ssl:warn] [pid 3520:tid 612] AH01909: www.example.com:443:0 server certificate does NOT include an ID which matches the server name
[Thu Feb 27 17:53:00.743946 2020] [ssl:warn] [pid 3520:tid 612] AH01909: www.example.com:443:0 server certificate does NOT include an ID which matches the server name
[Thu Feb 27 17:53:00.782956 2020] [mpm_winnt:notice] [pid 3520:tid 612] AH00354: Child: Starting 150 worker threads.
[Thu Feb 27 17:53:08.501912 2020] [php7:notice] [pid 3520:tid 1876] [client ::1:5919] 2020-02-27T11:53:08+01:00 [critical] Uncaught Exception: Expected to find class "App\\Controller\\MainController" in file "E:\\xampp\\htdocs\\SymfonyApp\\src/Controller\\MainController.php" while importing services from resource "../src/*", but it was not found! Check the namespace prefix used with the resource in E:\\xampp\\htdocs\\SymfonyApp\\config/services.yaml (which is loaded in resource "E:\\xampp\\htdocs\\SymfonyApp\\config/services.yaml").
[Mon Mar 16 20:51:49.988156 2020] [ssl:warn] [pid 11052:tid 600] AH01909: www.example.com:443:0 server certificate does NOT include an ID which matches the server name
[Mon Mar 16 20:51:50.089155 2020] [core:warn] [pid 11052:tid 600] AH00098: pid file E:/xampp/apache/logs/httpd.pid overwritten -- Unclean shutdown of previous Apache run?
[Mon Mar 16 20:51:50.091154 2020] [ssl:warn] [pid 11052:tid 600] AH01909: www.example.com:443:0 server certificate does NOT include an ID which matches the server name
[Mon Mar 16 20:51:50.531215 2020] [mpm_winnt:notice] [pid 11052:tid 600] AH00455: Apache/2.4.41 (Win64) OpenSSL/1.1.1c PHP/7.4.2 configured -- resuming normal operations
[Mon Mar 16 20:51:50.532216 2020] [mpm_winnt:notice] [pid 11052:tid 600] AH00456: Apache Lounge VC15 Server built: Aug 11 2019 12:20:04
[Mon Mar 16 20:51:50.532216 2020] [core:notice] [pid 11052:tid 600] AH00094: Command line: 'e:\\xampp\\apache\\bin\\httpd.exe -d E:/xampp/apache'
[Mon Mar 16 20:51:50.543216 2020] [mpm_winnt:notice] [pid 11052:tid 600] AH00418: Parent: Created child process 12196
[Mon Mar 16 20:51:51.307831 2020] [ssl:warn] [pid 12196:tid 608] AH01909: www.example.com:443:0 server certificate does NOT include an ID which matches the server name
[Mon Mar 16 20:51:51.382831 2020] [ssl:warn] [pid 12196:tid 608] AH01909: www.example.com:443:0 server certificate does NOT include an ID which matches the server name
[Mon Mar 16 20:51:51.419831 2020] [mpm_winnt:notice] [pid 12196:tid 608] AH00354: Child: Starting 150 worker threads.
[Mon Mar 16 20:51:59.321934 2020] [mpm_winnt:crit] [pid 12196:tid 608] AH02538: Child: Parent process exited abruptly. Child process is ending
[Thu Mar 19 17:58:58.247781 2020] [ssl:warn] [pid 7092:tid 600] AH01909: www.example.com:443:0 server certificate does NOT include an ID which matches the server name
[Thu Mar 19 17:58:58.367833 2020] [core:warn] [pid 7092:tid 600] AH00098: pid file E:/xampp/apache/logs/httpd.pid overwritten -- Unclean shutdown of previous Apache run?
[Thu Mar 19 17:58:58.369791 2020] [ssl:warn] [pid 7092:tid 600] AH01909: www.example.com:443:0 server certificate does NOT include an ID which matches the server name
[Thu Mar 19 17:58:58.411833 2020] [mpm_winnt:notice] [pid 7092:tid 600] AH00455: Apache/2.4.41 (Win64) OpenSSL/1.1.1c PHP/7.4.2 configured -- resuming normal operations
[Thu Mar 19 17:58:58.411833 2020] [mpm_winnt:notice] [pid 7092:tid 600] AH00456: Apache Lounge VC15 Server built: Aug 11 2019 12:20:04
[Thu Mar 19 17:58:58.411833 2020] [core:notice] [pid 7092:tid 600] AH00094: Command line: 'e:\\xampp\\apache\\bin\\httpd.exe -d E:/xampp/apache'
[Thu Mar 19 17:58:58.414781 2020] [mpm_winnt:notice] [pid 7092:tid 600] AH00418: Parent: Created child process 2712
[Thu Mar 19 17:58:59.169834 2020] [ssl:warn] [pid 2712:tid 608] AH01909: www.example.com:443:0 server certificate does NOT include an ID which matches the server name
[Thu Mar 19 17:58:59.243886 2020] [ssl:warn] [pid 2712:tid 608] AH01909: www.example.com:443:0 server certificate does NOT include an ID which matches the server name
[Thu Mar 19 17:58:59.281834 2020] [mpm_winnt:notice] [pid 2712:tid 608] AH00354: Child: Starting 150 worker threads.
[Thu Mar 19 18:11:13.034530 2020] [php7:error] [pid 2712:tid 1880] [client ::1:1168] PHP Fatal error:  Cannot declare class App\\Controller\\MainController, because the name is already in use in E:\\xampp\\htdocs\\SymfonyApp\\src\\Controller\\MainController2.php on line 8, referer: http://localhost/main
[Thu Mar 19 20:11:57.406211 2020] [mpm_winnt:crit] [pid 2712:tid 608] AH02538: Child: Parent process exited abruptly. Child process is ending
[Thu Mar 19 20:12:01.475190 2020] [ssl:warn] [pid 7484:tid 600] AH01909: www.example.com:443:0 server certificate does NOT include an ID which matches the server name
[Thu Mar 19 20:12:01.556184 2020] [core:warn] [pid 7484:tid 600] AH00098: pid file E:/xampp/apache/logs/httpd.pid overwritten -- Unclean shutdown of previous Apache run?
[Thu Mar 19 20:12:01.559185 2020] [ssl:warn] [pid 7484:tid 600] AH01909: www.example.com:443:0 server certificate does NOT include an ID which matches the server name
[Thu Mar 19 20:12:01.911295 2020] [mpm_winnt:notice] [pid 7484:tid 600] AH00455: Apache/2.4.41 (Win64) OpenSSL/1.1.1c PHP/7.4.2 configured -- resuming normal operations
[Thu Mar 19 20:12:01.911295 2020] [mpm_winnt:notice] [pid 7484:tid 600] AH00456: Apache Lounge VC15 Server built: Aug 11 2019 12:20:04
[Thu Mar 19 20:12:01.911295 2020] [core:notice] [pid 7484:tid 600] AH00094: Command line: 'e:\\xampp\\apache\\bin\\httpd.exe -d E:/xampp/apache'
[Thu Mar 19 20:12:01.923771 2020] [mpm_winnt:notice] [pid 7484:tid 600] AH00418: Parent: Created child process 9776
[Thu Mar 19 20:12:02.700589 2020] [ssl:warn] [pid 9776:tid 608] AH01909: www.example.com:443:0 server certificate does NOT include an ID which matches the server name
[Thu Mar 19 20:12:02.783537 2020] [ssl:warn] [pid 9776:tid 608] AH01909: www.example.com:443:0 server certificate does NOT include an ID which matches the server name
[Thu Mar 19 20:12:02.824598 2020] [mpm_winnt:notice] [pid 9776:tid 608] AH00354: Child: Starting 150 worker threads.
[Thu Mar 19 22:40:11.446370 2020] [mpm_winnt:crit] [pid 9776:tid 608] AH02538: Child: Parent process exited abruptly. Child process is ending
[Thu Mar 19 23:28:44.426801 2020] [ssl:warn] [pid 3140:tid 600] AH01909: www.example.com:443:0 server certificate does NOT include an ID which matches the server name
[Thu Mar 19 23:28:44.513800 2020] [core:warn] [pid 3140:tid 600] AH00098: pid file E:/xampp/apache/logs/httpd.pid overwritten -- Unclean shutdown of previous Apache run?
[Thu Mar 19 23:28:44.516852 2020] [ssl:warn] [pid 3140:tid 600] AH01909: www.example.com:443:0 server certificate does NOT include an ID which matches the server name
[Thu Mar 19 23:28:44.562799 2020] [mpm_winnt:notice] [pid 3140:tid 600] AH00455: Apache/2.4.41 (Win64) OpenSSL/1.1.1c PHP/7.4.2 configured -- resuming normal operations
[Thu Mar 19 23:28:44.562799 2020] [mpm_winnt:notice] [pid 3140:tid 600] AH00456: Apache Lounge VC15 Server built: Aug 11 2019 12:20:04
[Thu Mar 19 23:28:44.562799 2020] [core:notice] [pid 3140:tid 600] AH00094: Command line: 'e:\\xampp\\apache\\bin\\httpd.exe -d E:/xampp/apache'
[Thu Mar 19 23:28:44.565799 2020] [mpm_winnt:notice] [pid 3140:tid 600] AH00418: Parent: Created child process 1040
[Thu Mar 19 23:28:45.450801 2020] [ssl:warn] [pid 1040:tid 620] AH01909: www.example.com:443:0 server certificate does NOT include an ID which matches the server name
[Thu Mar 19 23:28:45.531800 2020] [ssl:warn] [pid 1040:tid 620] AH01909: www.example.com:443:0 server certificate does NOT include an ID which matches the server name
[Thu Mar 19 23:28:45.576800 2020] [mpm_winnt:notice] [pid 1040:tid 620] AH00354: Child: Starting 150 worker threads.
[Fri Mar 20 12:17:32.223400 2020] [ssl:warn] [pid 10524:tid 600] AH01909: www.example.com:443:0 server certificate does NOT include an ID which matches the server name
[Fri Mar 20 12:17:32.296399 2020] [core:warn] [pid 10524:tid 600] AH00098: pid file E:/xampp/apache/logs/httpd.pid overwritten -- Unclean shutdown of previous Apache run?
[Fri Mar 20 12:17:32.299398 2020] [ssl:warn] [pid 10524:tid 600] AH01909: www.example.com:443:0 server certificate does NOT include an ID which matches the server name
[Fri Mar 20 12:17:32.341399 2020] [mpm_winnt:notice] [pid 10524:tid 600] AH00455: Apache/2.4.41 (Win64) OpenSSL/1.1.1c PHP/7.4.2 configured -- resuming normal operations
[Fri Mar 20 12:17:32.341399 2020] [mpm_winnt:notice] [pid 10524:tid 600] AH00456: Apache Lounge VC15 Server built: Aug 11 2019 12:20:04
[Fri Mar 20 12:17:32.341399 2020] [core:notice] [pid 10524:tid 600] AH00094: Command line: 'e:\\xampp\\apache\\bin\\httpd.exe -d E:/xampp/apache'
[Fri Mar 20 12:17:32.344398 2020] [mpm_winnt:notice] [pid 10524:tid 600] AH00418: Parent: Created child process 8324
[Fri Mar 20 12:17:33.191218 2020] [ssl:warn] [pid 8324:tid 624] AH01909: www.example.com:443:0 server certificate does NOT include an ID which matches the server name
[Fri Mar 20 12:17:33.273791 2020] [ssl:warn] [pid 8324:tid 624] AH01909: www.example.com:443:0 server certificate does NOT include an ID which matches the server name
[Fri Mar 20 12:17:33.316740 2020] [mpm_winnt:notice] [pid 8324:tid 624] AH00354: Child: Starting 150 worker threads.
